<?xml version="1.0" encoding="UTF-8"?>
<testsuite xmlns:xsi="http://www.w3.org/2001/XMLSchema-instance" xsi:noNamespaceSchemaLocation="https://maven.apache.org/surefire/maven-surefire-plugin/xsd/surefire-test-report.xsd" name="com.openclassrooms.testing.CalculatorTest" time="0.479" tests="2" errors="0" skipped="0" failures="0">
  <properties>
[...]
</properties>
  <testcase name="testAddTwoPositiveNumbers" classname="com.openclassrooms.testing.CalculatorTest" time="0.434"/>
  <testcase name="multiply_shouldReturnTheProduct_ofTwoInteger" classname="com.openclassrooms.testing.CalculatorTest" time="0.004"/>
</testsuite>